<?xml version="1.0" encoding="UTF-8"?>
<!-- Generated by org.testng.reporters.JUnitReportReporter -->
<testsuite ignored="0" hostname="WorkPC" failures="0" tests="1" name="com.Runner.Set_Fav" time="20.283" errors="0" timestamp="13 Oct 2022 10:55:29 GMT" skipped="0">
  <testcase classname="com.Runner.Set_Fav" name="set" time="20.283"/>
</testsuite> <!-- com.Runner.Set_Fav -->
