<?xml version="1.0" encoding="UTF-8"?>
<!-- Generated by org.testng.reporters.JUnitReportReporter -->
<testsuite ignored="8" hostname="WorkPC" failures="0" tests="1" name="com.Runner.Trial_acc" time="9.180" errors="1" timestamp="26 Oct 2022 06:28:20 GMT" skipped="0">
  <testcase classname="com.Runner.Trial_acc" name="scenario1" time="9.180">
    <error message="Cannot invoke &quot;java.lang.Boolean.booleanValue()&quot; because &quot;value&quot; is null" type="java.lang.NullPointerException">
      <![CDATA[java.lang.NullPointerException: Cannot invoke "java.lang.Boolean.booleanValue()" because "value" is null
	at org.openqa.selenium.remote.RemoteWebElement.isDisplayed(RemoteWebElement.java:329)
	at org.openqa.selenium.support.ui.ExpectedConditions.elementIfVisible(ExpectedConditions.java:314)
	at org.openqa.selenium.support.ui.ExpectedConditions.access$000(ExpectedConditions.java:43)
	at org.openqa.selenium.support.ui.ExpectedConditions$10.apply(ExpectedConditions.java:300)
	at org.openqa.selenium.support.ui.ExpectedConditions$10.apply(ExpectedConditions.java:297)
	at org.openqa.selenium.support.ui.FluentWait.until(FluentWait.java:249)
	at com.BaseClass.Base_Class.visbility(Base_Class.java:333)
	at com.Runner.Trial_acc.scenario1(Trial_acc.java:103)
	at java.base/jdk.internal.reflect.NativeMethodAccessorImpl.invoke0(Native Method)
	at java.base/jdk.internal.reflect.NativeMethodAccessorImpl.invoke(NativeMethodAccessorImpl.java:77)
	at java.base/jdk.internal.reflect.DelegatingMethodAccessorImpl.invoke(DelegatingMethodAccessorImpl.java:43)
	at java.base/java.lang.reflect.Method.invoke(Method.java:568)
	at org.testng.internal.MethodInvocationHelper.invokeMethod(MethodInvocationHelper.java:104)
	at org.testng.internal.Invoker.invokeMethod(Invoker.java:645)
	at org.testng.internal.Invoker.invokeTestMethod(Invoker.java:851)
	at org.testng.internal.Invoker.invokeTestMethods(Invoker.java:1177)
	at org.testng.internal.TestMethodWorker.invokeTestMethods(TestMethodWorker.java:129)
	at org.testng.internal.TestMethodWorker.run(TestMethodWorker.java:112)
	at org.testng.TestRunner.privateRun(TestRunner.java:756)
	at org.testng.TestRunner.run(TestRunner.java:610)
	at org.testng.SuiteRunner.runTest(SuiteRunner.java:387)
	at org.testng.SuiteRunner.runSequentially(SuiteRunner.java:382)
	at org.testng.SuiteRunner.privateRun(SuiteRunner.java:340)
	at org.testng.SuiteRunner.run(SuiteRunner.java:289)
	at org.testng.SuiteRunnerWorker.runSuite(SuiteRunnerWorker.java:52)
	at org.testng.SuiteRunnerWorker.run(SuiteRunnerWorker.java:86)
	at org.testng.TestNG.runSuitesSequentially(TestNG.java:1293)
	at org.testng.TestNG.runSuitesLocally(TestNG.java:1218)
	at org.testng.TestNG.runSuites(TestNG.java:1133)
	at org.testng.TestNG.run(TestNG.java:1104)
	at org.testng.remote.AbstractRemoteTestNG.run(AbstractRemoteTestNG.java:115)
	at org.testng.remote.RemoteTestNG.initAndRun(RemoteTestNG.java:251)
	at org.testng.remote.RemoteTestNG.main(RemoteTestNG.java:77)
]]>
    </error>
  </testcase> <!-- scenario1 -->
  <testcase classname="com.Runner.Trial_acc" name="planupgradedtopremium">
    <skipped/>
  </testcase> <!-- planupgradedtopremium -->
  <testcase classname="com.Runner.Trial_acc" name="basicusercrtfrmmngeuser">
    <skipped/>
  </testcase> <!-- basicusercrtfrmmngeuser -->
  <testcase classname="com.Runner.Trial_acc" name="doctorcr">
    <skipped/>
  </testcase> <!-- doctorcr -->
  <testcase classname="com.Runner.Trial_acc" name="activeuser">
    <skipped/>
  </testcase> <!-- activeuser -->
  <testcase classname="com.Runner.Trial_acc" name="active_dec">
    <skipped/>
  </testcase> <!-- active_dec -->
  <testcase classname="com.Runner.Trial_acc" name="checkuserstatusafteradding_newuser">
    <skipped/>
  </testcase> <!-- checkuserstatusafteradding_newuser -->
  <testcase classname="com.Runner.Trial_acc" name="upgradetobasicfromtrial">
    <skipped/>
  </testcase> <!-- upgradetobasicfromtrial -->
  <testcase classname="com.Runner.Trial_acc" name="adduserfromsubscription">
    <skipped/>
  </testcase> <!-- adduserfromsubscription -->
</testsuite> <!-- com.Runner.Trial_acc -->
