<?xml version="1.0" encoding="UTF-8"?>
<!-- Generated by org.testng.reporters.JUnitReportReporter -->
<testsuite ignored="0" hostname="WorkPC" failures="0" tests="8" name="com.Runner.classRuner" time="955.777" errors="0" timestamp="26 Oct 2022 02:40:36 GMT" skipped="0">
  <testcase classname="com.Runner.classRuner" name="BillingModule" time="84.191"/>
  <testcase classname="com.Runner.classRuner" name="Message" time="6.882"/>
  <testcase classname="com.Runner.classRuner" name="calendar" time="35.237"/>
  <testcase classname="com.Runner.classRuner" name="Settings" time="275.382"/>
  <testcase classname="com.Runner.classRuner" name="HealthRec" time="460.713"/>
  <testcase classname="com.Runner.classRuner" name="TeleDoctor" time="25.118"/>
  <testcase classname="com.Runner.classRuner" name="HomeModule" time="29.684"/>
  <testcase classname="com.Runner.classRuner" name="PatientModule" time="38.570"/>
</testsuite> <!-- com.Runner.classRuner -->
