<?xml version="1.0" encoding="UTF-8"?>
<!-- Generated by org.testng.reporters.JUnitReportReporter -->
<testsuite ignored="0" hostname="WorkPC" failures="0" tests="1" name="com.Runner.ehr_setFav" time="118.121" errors="0" timestamp="17 Oct 2022 10:51:03 GMT" skipped="0">
  <testcase classname="com.Runner.ehr_setFav" name="ehr_fav" time="118.121"/>
</testsuite> <!-- com.Runner.ehr_setFav -->
